<?xml version="1.0" encoding="UTF-8"?>
<!-- Generated by org.testng.reporters.JUnitReportReporter -->
<testsuite skipped="0" hostname="DESKTOP-015CHOM" name="com.omr.test.OMRBranchClub" tests="6" failures="0" timestamp="29 Jun 2022 07:58:06 GMT" time="6.432" errors="0">
  <testcase name="login" time="3.750" classname="com.omr.test.OMRBranchClub"/>
  <testcase name="addAddress" time="0.557" classname="com.omr.test.OMRBranchClub"/>
  <testcase name="updateAddress" time="0.392" classname="com.omr.test.OMRBranchClub"/>
  <testcase name="GetAddress" time="0.408" classname="com.omr.test.OMRBranchClub"/>
  <testcase name="deleteAddresss" time="0.399" classname="com.omr.test.OMRBranchClub"/>
  <testcase name="changeProfilePic" time="0.926" classname="com.omr.test.OMRBranchClub"/>
</testsuite> <!-- com.omr.test.OMRBranchClub -->
